Arguments: 
  D:\install\nvs\node\18.18.2\x64\node.exe D:\extend\npm\node_modules\yarn\bin\yarn.js --registry=https://registry.npm.taobao.org

PATH: 
  D:\install\nvs\node\18.18.2\x64;C:\Program Files\PowerShell\7;C:\Windows\system32;C:\Windows;C:\Windows\System32\Wbem;C:\Windows\System32\WindowsPowerShell\v1.0\;C:\Windows\System32\OpenSSH\;D:\install\???web?????????\dll;D:\install\Git\Git\cmd;D:\extend\npm;D:\install\nvs;C:\Program Files\PowerShell\7\;C:\Users\ylz\AppData\Local\Microsoft\WindowsApps;D:\install\Microsoft VS Code\bin;C:\Users\ylz\AppData\Local\nvs\iiii

Yarn version: 
  1.22.19

Node version: 
  18.18.2

Platform: 
  win32 x64

Trace: 
  Error: certificate has expired
      at TLSSocket.onConnectSecure (node:_tls_wrap:1600:34)
      at TLSSocket.emit (node:events:517:28)
      at TLSSocket._finishInit (node:_tls_wrap:1017:8)
      at ssl.onhandshakedone (node:_tls_wrap:803:12)

npm manifest: 
  {
    "name": "codefarmer-end",
    "version": "1.0.0",
    "description": "",
    "dependencies": {
      "egg": "^2.5.0",
      "egg-cors": "^3.0.1",
      "egg-jwt": "^3.1.7",
      "egg-scripts": "^2.5.0",
      "egg-sequelize": "^4.0.2",
      "egg-validate": "^2.0.2",
      "mysql2": "^3.9.9"
    },
    "devDependencies": {
      "autod": "^3.0.1",
      "autod-egg": "^1.0.0",
      "egg-bin": "^4.3.7",
      "egg-mock": "^3.19.2",
      "eslint": "^4.18.1",
      "eslint-config-egg": "^7.0.0",
      "factory-girl": "^5.0.2",
      "sequelize-cli": "^4.0.0"
    },
    "engines": {
      "node": ">=8.0.0"
    },
    "scripts": {
      "dev": "egg-bin dev",
      "start": "egg-scripts start --daemon --title=codefarmer-end",
      "stop": "egg-scripts stop --title=codefarmer-end",
      "sequelize-cli-ts": "node -r ts-node/register ./node_modules/sequelize-cli/lib/sequelize",
      "autod": "autod",
      "lint": "eslint .",
      "test": "egg-bin test",
      "cov": "egg-bin cov",
      "ci": "npm run lint && NODE_ENV=test npx sequelize db:migrate && npm run cov"
    },
    "ci": {
      "version": "8"
    },
    "eslintIgnore": [
      "coverage",
      "dist"
    ],
    "repository": {
      "type": "git",
      "url": ""
    },
    "files": [
      "lib",
      "index.js"
    ],
    "author": "",
    "private": true
  }

yarn manifest: 
  No manifest

Lockfile: 
  No lockfile
